17:49:35 DEBUG : Logs will be stored at '/home/rrr/Xproject/edt_zc702_workspace/IDE.log'.
17:49:36 INFO  : Launching XSCT server: xsct -n  -interactive /home/rrr/Xproject/edt_zc702_workspace/temp_xsdb_launch_script.tcl
17:49:36 INFO  : Platform repository initialization has completed.
17:49:37 INFO  : Registering command handlers for Vitis TCF services
17:49:39 INFO  : XSCT server has started successfully.
17:49:39 INFO  : Successfully done setting XSCT server connection channel  
17:49:39 INFO  : plnx-install-location is set to ''
17:49:39 INFO  : Successfully done setting workspace for the tool. 
17:49:39 INFO  : Successfully done query RDI_DATADIR 
18:00:52 INFO  : Result from executing command 'getProjects': zc702_edt
18:00:52 INFO  : Result from executing command 'getPlatforms': xilinx_zcu102_base_202220_1|/tools/Xilinx/Vitis/2022.2/base_platforms/xilinx_zcu102_base_202220_1/xilinx_zcu102_base_202220_1.xpfm;xilinx_zcu102_base_dfx_202220_1|/tools/Xilinx/Vitis/2022.2/base_platforms/xilinx_zcu102_base_dfx_202220_1/xilinx_zcu102_base_dfx_202220_1.xpfm;xilinx_zcu104_base_202220_1|/tools/Xilinx/Vitis/2022.2/base_platforms/xilinx_zcu104_base_202220_1/xilinx_zcu104_base_202220_1.xpfm
18:06:59 DEBUG : Logs will be stored at '/home/rrr/Xproject/edt_zc702_workspace/IDE.log'.
18:07:00 INFO  : Launching XSCT server: xsct -n  -interactive /home/rrr/Xproject/edt_zc702_workspace/temp_xsdb_launch_script.tcl
18:07:01 INFO  : Platform repository initialization has completed.
18:07:02 INFO  : Registering command handlers for Vitis TCF services
18:07:03 INFO  : XSCT server has started successfully.
18:07:03 INFO  : Successfully done setting XSCT server connection channel  
18:07:03 INFO  : plnx-install-location is set to ''
18:07:03 INFO  : Successfully done setting workspace for the tool. 
18:07:03 INFO  : Successfully done query RDI_DATADIR 
18:09:49 DEBUG : Logs will be stored at '/home/rrr/Xproject/edt_zc702_workspace/IDE.log'.
18:09:50 INFO  : Launching XSCT server: xsct -n  -interactive /home/rrr/Xproject/edt_zc702_workspace/temp_xsdb_launch_script.tcl
18:09:51 INFO  : Platform repository initialization has completed.
18:09:52 INFO  : Registering command handlers for Vitis TCF services
18:09:53 INFO  : XSCT server has started successfully.
18:09:53 INFO  : Successfully done setting XSCT server connection channel  
18:09:53 INFO  : plnx-install-location is set to ''
18:09:53 INFO  : Successfully done setting workspace for the tool. 
18:09:53 INFO  : Successfully done query RDI_DATADIR 
18:18:21 DEBUG : Logs will be stored at '/home/rrr/Xproject/edt_zc702_workspace/IDE.log'.
18:18:21 INFO  : Launching XSCT server: xsct -n  -interactive /home/rrr/Xproject/edt_zc702_workspace/temp_xsdb_launch_script.tcl
18:18:22 INFO  : Platform repository initialization has completed.
18:18:23 INFO  : Registering command handlers for Vitis TCF services
18:18:24 INFO  : XSCT server has started successfully.
18:18:24 INFO  : plnx-install-location is set to ''
18:18:24 INFO  : Successfully done setting XSCT server connection channel  
18:18:25 INFO  : Successfully done setting workspace for the tool. 
18:18:25 INFO  : Successfully done query RDI_DATADIR 
18:20:17 DEBUG : Logs will be stored at '/home/rrr/Xproject/edt_zc702_workspace/IDE.log'.
18:20:17 INFO  : Launching XSCT server: xsct -n  -interactive /home/rrr/Xproject/edt_zc702_workspace/temp_xsdb_launch_script.tcl
18:20:18 INFO  : Platform repository initialization has completed.
18:20:19 INFO  : Registering command handlers for Vitis TCF services
18:20:20 INFO  : XSCT server has started successfully.
18:20:20 INFO  : Successfully done setting XSCT server connection channel  
18:20:20 INFO  : plnx-install-location is set to ''
18:20:21 INFO  : Successfully done setting workspace for the tool. 
18:20:21 INFO  : Successfully done query RDI_DATADIR 
18:24:00 DEBUG : Logs will be stored at '/home/rrr/Xproject/edt_zc702_workspace/IDE.log'.
18:24:00 INFO  : Launching XSCT server: xsct -n  -interactive /home/rrr/Xproject/edt_zc702_workspace/temp_xsdb_launch_script.tcl
18:24:01 INFO  : Platform repository initialization has completed.
18:24:02 INFO  : Registering command handlers for Vitis TCF services
18:24:03 INFO  : XSCT server has started successfully.
18:24:03 INFO  : Successfully done setting XSCT server connection channel  
18:24:04 INFO  : plnx-install-location is set to ''
18:24:04 INFO  : Successfully done setting workspace for the tool. 
18:24:04 INFO  : Successfully done query RDI_DATADIR 
18:29:25 DEBUG : Logs will be stored at '/home/rrr/Xproject/edt_zc702_workspace/IDE.log'.
18:29:26 INFO  : Launching XSCT server: xsct -n  -interactive /home/rrr/Xproject/edt_zc702_workspace/temp_xsdb_launch_script.tcl
18:29:27 INFO  : Platform repository initialization has completed.
18:29:28 INFO  : Registering command handlers for Vitis TCF services
18:29:29 INFO  : XSCT server has started successfully.
18:29:29 INFO  : plnx-install-location is set to ''
18:29:29 INFO  : Successfully done setting XSCT server connection channel  
18:29:29 INFO  : Successfully done query RDI_DATADIR 
18:29:29 INFO  : Successfully done setting workspace for the tool. 
18:33:09 DEBUG : Logs will be stored at '/home/rrr/Xproject/edt_zc702_workspace/IDE.log'.
18:33:09 INFO  : Launching XSCT server: xsct -n  -interactive /home/rrr/Xproject/edt_zc702_workspace/temp_xsdb_launch_script.tcl
18:33:11 INFO  : Platform repository initialization has completed.
18:33:11 INFO  : Registering command handlers for Vitis TCF services
18:33:12 INFO  : XSCT server has started successfully.
18:33:12 INFO  : Successfully done setting XSCT server connection channel  
18:33:12 INFO  : plnx-install-location is set to ''
18:33:13 INFO  : Successfully done setting workspace for the tool. 
18:33:13 INFO  : Successfully done query RDI_DATADIR 
18:50:55 DEBUG : Logs will be stored at '/home/rrr/Xproject/edt_zc702_workspace/IDE.log'.
18:50:55 INFO  : Launching XSCT server: xsct -n  -interactive /home/rrr/Xproject/edt_zc702_workspace/temp_xsdb_launch_script.tcl
18:50:56 INFO  : Platform repository initialization has completed.
18:50:57 INFO  : Registering command handlers for Vitis TCF services
18:50:58 INFO  : XSCT server has started successfully.
18:50:58 INFO  : plnx-install-location is set to ''
18:50:59 INFO  : Successfully done setting XSCT server connection channel  
18:50:59 INFO  : Successfully done query RDI_DATADIR 
18:50:59 INFO  : Successfully done setting workspace for the tool. 
19:06:01 INFO  : Result from executing command 'getProjects': zc702_edt
19:06:01 INFO  : Result from executing command 'getPlatforms': xilinx_zcu102_base_202220_1|/tools/Xilinx/Vitis/2022.2/base_platforms/xilinx_zcu102_base_202220_1/xilinx_zcu102_base_202220_1.xpfm;xilinx_zcu102_base_dfx_202220_1|/tools/Xilinx/Vitis/2022.2/base_platforms/xilinx_zcu102_base_dfx_202220_1/xilinx_zcu102_base_dfx_202220_1.xpfm;xilinx_zcu104_base_202220_1|/tools/Xilinx/Vitis/2022.2/base_platforms/xilinx_zcu104_base_202220_1/xilinx_zcu104_base_202220_1.xpfm;zc702_edt|/home/rrr/Xproject/edt_zc702_workspace/zc702_edt/export/zc702_edt/zc702_edt.xpfm
19:09:15 INFO  : Checking for BSP changes to sync application flags for project 'hello_world'...
19:16:58 INFO  : Connected to target on host '127.0.0.1' and port '3121'.
19:16:59 INFO  : Jtag cable 'Xilinx TUL 1234-tulA' is selected.
19:16:59 INFO  : 'jtag frequency' command is executed.
19:17:00 INFO  : Context for 'APU' is selected.
19:17:00 INFO  : System reset is completed.
19:17:03 INFO  : 'after 3000' command is executed.
19:17:03 INFO  : Context for 'APU' is selected.
19:17:03 INFO  : Hardware design and registers information is loaded from '/home/rrr/Xproject/edt_zc702_workspace/zc702_edt/export/zc702_edt/hw/system_wrapper.xsa'.
19:17:03 INFO  : 'configparams force-mem-access 1' command is executed.
19:17:03 INFO  : Context for 'APU' is selected.
19:17:03 INFO  : Sourcing of '/home/rrr/Xproject/edt_zc702_workspace/hello_world/_ide/psinit/ps7_init.tcl' is done.
19:17:04 INFO  : 'ps7_init' command is executed.
19:17:04 INFO  : 'ps7_post_config' command is executed.
19:17:04 INFO  : Context for processor 'ps7_cortexa9_0' is selected.
19:17:04 INFO  : The application '/home/rrr/Xproject/edt_zc702_workspace/hello_world/Debug/hello_world.elf' is downloaded to processor 'ps7_cortexa9_0'.
19:17:04 INFO  : 'configparams force-mem-access 0' command is executed.
19:17:04 INFO  : ----------------XSDB Script----------------
connect -url tcp:127.0.0.1:3121
targets -set -nocase -filter {name =~"APU*"}
rst -system
after 3000
targets -set -nocase -filter {name =~"APU*"}
loadhw -hw /home/rrr/Xproject/edt_zc702_workspace/zc702_edt/export/zc702_edt/hw/system_wrapper.xsa -mem-ranges [list {0x40000000 0xbfffffff}] -regs
configparams force-mem-access 1
targets -set -nocase -filter {name =~"APU*"}
source /home/rrr/Xproject/edt_zc702_workspace/hello_world/_ide/psinit/ps7_init.tcl
ps7_init
ps7_post_config
targets -set -nocase -filter {name =~ "*A9*#0"}
dow /home/rrr/Xproject/edt_zc702_workspace/hello_world/Debug/hello_world.elf
configparams force-mem-access 0
----------------End of Script----------------

19:17:04 INFO  : Context for processor 'ps7_cortexa9_0' is selected.
19:17:04 INFO  : 'con' command is executed.
19:17:04 INFO  : ----------------XSDB Script (After Launch)----------------
targets -set -nocase -filter {name =~ "*A9*#0"}
con
----------------End of Script----------------

19:17:04 INFO  : Launch script is exported to file '/home/rrr/Xproject/edt_zc702_workspace/hello_world_system/_ide/scripts/systemdebugger_hello_world_system_standalone.tcl'
19:19:11 INFO  : Disconnected from the channel tcfchan#3.
19:19:11 INFO  : Connected to target on host '127.0.0.1' and port '3121'.
19:19:11 INFO  : Jtag cable 'Xilinx TUL 1234-tulA' is selected.
19:19:11 INFO  : 'jtag frequency' command is executed.
19:19:11 INFO  : Context for 'APU' is selected.
19:19:11 INFO  : System reset is completed.
19:19:14 INFO  : 'after 3000' command is executed.
19:19:14 INFO  : Context for 'APU' is selected.
19:19:14 INFO  : Hardware design and registers information is loaded from '/home/rrr/Xproject/edt_zc702_workspace/zc702_edt/export/zc702_edt/hw/system_wrapper.xsa'.
19:19:14 INFO  : 'configparams force-mem-access 1' command is executed.
19:19:14 INFO  : Context for 'APU' is selected.
19:19:14 INFO  : Sourcing of '/home/rrr/Xproject/edt_zc702_workspace/hello_world/_ide/psinit/ps7_init.tcl' is done.
19:19:15 INFO  : 'ps7_init' command is executed.
19:19:16 INFO  : 'ps7_post_config' command is executed.
19:19:16 INFO  : Context for processor 'ps7_cortexa9_0' is selected.
19:19:16 INFO  : The application '/home/rrr/Xproject/edt_zc702_workspace/hello_world/Debug/hello_world.elf' is downloaded to processor 'ps7_cortexa9_0'.
19:19:16 INFO  : 'configparams force-mem-access 0' command is executed.
19:19:16 INFO  : ----------------XSDB Script----------------
connect -url tcp:127.0.0.1:3121
targets -set -nocase -filter {name =~"APU*"}
rst -system
after 3000
targets -set -nocase -filter {name =~"APU*"}
loadhw -hw /home/rrr/Xproject/edt_zc702_workspace/zc702_edt/export/zc702_edt/hw/system_wrapper.xsa -mem-ranges [list {0x40000000 0xbfffffff}] -regs
configparams force-mem-access 1
targets -set -nocase -filter {name =~"APU*"}
source /home/rrr/Xproject/edt_zc702_workspace/hello_world/_ide/psinit/ps7_init.tcl
ps7_init
ps7_post_config
targets -set -nocase -filter {name =~ "*A9*#0"}
dow /home/rrr/Xproject/edt_zc702_workspace/hello_world/Debug/hello_world.elf
configparams force-mem-access 0
----------------End of Script----------------

19:19:16 INFO  : Context for processor 'ps7_cortexa9_0' is selected.
19:19:16 INFO  : 'con' command is executed.
19:19:16 INFO  : ----------------XSDB Script (After Launch)----------------
targets -set -nocase -filter {name =~ "*A9*#0"}
con
----------------End of Script----------------

19:19:16 INFO  : Launch script is exported to file '/home/rrr/Xproject/edt_zc702_workspace/hello_world_system/_ide/scripts/systemdebugger_hello_world_system_standalone.tcl'
19:19:47 INFO  : Connected to target on host '127.0.0.1' and port '3121'.
19:19:56 INFO  : Disconnected from the channel tcfchan#4.
19:19:56 INFO  : Connected to target on host '127.0.0.1' and port '3121'.
19:19:56 INFO  : Jtag cable 'Xilinx TUL 1234-tulA' is selected.
19:19:56 INFO  : 'jtag frequency' command is executed.
19:19:56 INFO  : Context for 'APU' is selected.
19:19:56 INFO  : System reset is completed.
19:19:59 INFO  : 'after 3000' command is executed.
19:19:59 INFO  : Context for 'APU' is selected.
19:19:59 INFO  : Hardware design and registers information is loaded from '/home/rrr/Xproject/edt_zc702_workspace/zc702_edt/export/zc702_edt/hw/system_wrapper.xsa'.
19:19:59 INFO  : 'configparams force-mem-access 1' command is executed.
19:19:59 INFO  : Context for 'APU' is selected.
19:19:59 INFO  : Sourcing of '/home/rrr/Xproject/edt_zc702_workspace/hello_world/_ide/psinit/ps7_init.tcl' is done.
19:20:00 INFO  : 'ps7_init' command is executed.
19:20:00 INFO  : 'ps7_post_config' command is executed.
19:20:00 INFO  : Context for processor 'ps7_cortexa9_0' is selected.
19:20:00 INFO  : The application '/home/rrr/Xproject/edt_zc702_workspace/hello_world/Debug/hello_world.elf' is downloaded to processor 'ps7_cortexa9_0'.
19:20:00 INFO  : 'configparams force-mem-access 0' command is executed.
19:20:00 INFO  : ----------------XSDB Script----------------
connect -url tcp:127.0.0.1:3121
targets -set -nocase -filter {name =~"APU*"}
rst -system
after 3000
targets -set -nocase -filter {name =~"APU*"}
loadhw -hw /home/rrr/Xproject/edt_zc702_workspace/zc702_edt/export/zc702_edt/hw/system_wrapper.xsa -mem-ranges [list {0x40000000 0xbfffffff}] -regs
configparams force-mem-access 1
targets -set -nocase -filter {name =~"APU*"}
source /home/rrr/Xproject/edt_zc702_workspace/hello_world/_ide/psinit/ps7_init.tcl
ps7_init
ps7_post_config
targets -set -nocase -filter {name =~ "*A9*#0"}
dow /home/rrr/Xproject/edt_zc702_workspace/hello_world/Debug/hello_world.elf
configparams force-mem-access 0
----------------End of Script----------------

19:20:00 INFO  : Context for processor 'ps7_cortexa9_0' is selected.
19:20:00 INFO  : 'con' command is executed.
19:20:00 INFO  : ----------------XSDB Script (After Launch)----------------
targets -set -nocase -filter {name =~ "*A9*#0"}
con
----------------End of Script----------------

19:20:00 INFO  : Launch script is exported to file '/home/rrr/Xproject/edt_zc702_workspace/hello_world_system/_ide/scripts/systemdebugger_hello_world_system_standalone.tcl'
19:20:13 INFO  : Disconnected from the channel tcfchan#5.
19:20:13 INFO  : Connected to target on host '127.0.0.1' and port '3121'.
19:20:13 INFO  : Jtag cable 'Xilinx TUL 1234-tulA' is selected.
19:20:13 INFO  : 'jtag frequency' command is executed.
19:20:13 INFO  : Context for 'APU' is selected.
19:20:13 INFO  : System reset is completed.
19:20:16 INFO  : 'after 3000' command is executed.
19:20:16 INFO  : Context for 'APU' is selected.
19:20:16 INFO  : Hardware design and registers information is loaded from '/home/rrr/Xproject/edt_zc702_workspace/zc702_edt/export/zc702_edt/hw/system_wrapper.xsa'.
19:20:16 INFO  : 'configparams force-mem-access 1' command is executed.
19:20:16 INFO  : Context for 'APU' is selected.
19:20:16 INFO  : Sourcing of '/home/rrr/Xproject/edt_zc702_workspace/hello_world/_ide/psinit/ps7_init.tcl' is done.
19:20:17 INFO  : 'ps7_init' command is executed.
19:20:17 INFO  : 'ps7_post_config' command is executed.
19:20:17 INFO  : Context for processor 'ps7_cortexa9_0' is selected.
19:20:17 INFO  : The application '/home/rrr/Xproject/edt_zc702_workspace/hello_world/Debug/hello_world.elf' is downloaded to processor 'ps7_cortexa9_0'.
19:20:18 INFO  : 'configparams force-mem-access 0' command is executed.
19:20:18 INFO  : ----------------XSDB Script----------------
connect -url tcp:127.0.0.1:3121
targets -set -nocase -filter {name =~"APU*"}
rst -system
after 3000
targets -set -nocase -filter {name =~"APU*"}
loadhw -hw /home/rrr/Xproject/edt_zc702_workspace/zc702_edt/export/zc702_edt/hw/system_wrapper.xsa -mem-ranges [list {0x40000000 0xbfffffff}] -regs
configparams force-mem-access 1
targets -set -nocase -filter {name =~"APU*"}
source /home/rrr/Xproject/edt_zc702_workspace/hello_world/_ide/psinit/ps7_init.tcl
ps7_init
ps7_post_config
targets -set -nocase -filter {name =~ "*A9*#0"}
dow /home/rrr/Xproject/edt_zc702_workspace/hello_world/Debug/hello_world.elf
configparams force-mem-access 0
----------------End of Script----------------

19:20:18 INFO  : Context for processor 'ps7_cortexa9_0' is selected.
19:20:18 INFO  : 'con' command is executed.
19:20:18 INFO  : ----------------XSDB Script (After Launch)----------------
targets -set -nocase -filter {name =~ "*A9*#0"}
con
----------------End of Script----------------

19:20:18 INFO  : Launch script is exported to file '/home/rrr/Xproject/edt_zc702_workspace/hello_world_system/_ide/scripts/systemdebugger_hello_world_system_standalone.tcl'
19:20:43 INFO  : Disconnected from the channel tcfchan#6.
19:23:29 DEBUG : Logs will be stored at '/home/rrr/Xproject/edt_zc702_workspace/IDE.log'.
19:23:29 INFO  : Launching XSCT server: xsct -n  -interactive /home/rrr/Xproject/edt_zc702_workspace/temp_xsdb_launch_script.tcl
19:23:31 INFO  : Platform repository initialization has completed.
19:23:31 INFO  : Registering command handlers for Vitis TCF services
19:23:32 INFO  : XSCT server has started successfully.
19:23:33 INFO  : Successfully done setting XSCT server connection channel  
19:23:33 INFO  : plnx-install-location is set to ''
19:23:33 INFO  : Successfully done query RDI_DATADIR 
19:23:33 INFO  : Successfully done setting workspace for the tool. 
19:23:54 INFO  : Connected to target on host '127.0.0.1' and port '3121'.
19:23:55 INFO  : Jtag cable 'Xilinx TUL 1234-tulA' is selected.
19:23:55 INFO  : 'jtag frequency' command is executed.
19:23:55 INFO  : Context for 'APU' is selected.
19:23:55 INFO  : System reset is completed.
19:23:58 INFO  : 'after 3000' command is executed.
19:23:59 INFO  : Context for 'APU' is selected.
19:23:59 INFO  : Hardware design and registers information is loaded from '/home/rrr/Xproject/edt_zc702_workspace/zc702_edt/export/zc702_edt/hw/system_wrapper.xsa'.
19:23:59 INFO  : 'configparams force-mem-access 1' command is executed.
19:23:59 INFO  : Context for 'APU' is selected.
19:23:59 INFO  : Sourcing of '/home/rrr/Xproject/edt_zc702_workspace/hello_world/_ide/psinit/ps7_init.tcl' is done.
19:24:00 INFO  : 'ps7_init' command is executed.
19:24:00 INFO  : 'ps7_post_config' command is executed.
19:24:00 INFO  : Context for processor 'ps7_cortexa9_0' is selected.
19:24:00 INFO  : The application '/home/rrr/Xproject/edt_zc702_workspace/hello_world/Debug/hello_world.elf' is downloaded to processor 'ps7_cortexa9_0'.
19:24:00 INFO  : 'configparams force-mem-access 0' command is executed.
19:24:00 INFO  : ----------------XSDB Script----------------
connect -url tcp:127.0.0.1:3121
targets -set -nocase -filter {name =~"APU*"}
rst -system
after 3000
targets -set -nocase -filter {name =~"APU*"}
loadhw -hw /home/rrr/Xproject/edt_zc702_workspace/zc702_edt/export/zc702_edt/hw/system_wrapper.xsa -mem-ranges [list {0x40000000 0xbfffffff}] -regs
configparams force-mem-access 1
targets -set -nocase -filter {name =~"APU*"}
source /home/rrr/Xproject/edt_zc702_workspace/hello_world/_ide/psinit/ps7_init.tcl
ps7_init
ps7_post_config
targets -set -nocase -filter {name =~ "*A9*#0"}
dow /home/rrr/Xproject/edt_zc702_workspace/hello_world/Debug/hello_world.elf
configparams force-mem-access 0
----------------End of Script----------------

19:24:00 INFO  : Context for processor 'ps7_cortexa9_0' is selected.
19:24:00 INFO  : 'con' command is executed.
19:24:00 INFO  : ----------------XSDB Script (After Launch)----------------
targets -set -nocase -filter {name =~ "*A9*#0"}
con
----------------End of Script----------------

19:24:00 INFO  : Launch script is exported to file '/home/rrr/Xproject/edt_zc702_workspace/hello_world_system/_ide/scripts/systemdebugger_hello_world_system_standalone.tcl'
19:24:19 INFO  : Disconnected from the channel tcfchan#1.
19:24:20 INFO  : XRT server has started successfully on port '4352'
19:24:20 INFO  : Connected to target on host '127.0.0.1' and port '3121'.
19:24:29 INFO  : ----------------XSDB Script----------------
connect -url tcp:127.0.0.1:3121
----------------End of Script----------------

19:24:29 ERROR : Could not find ARM device on the board for connection 'Local'.
Check if the target is in:
1. Split JTAG - No operations are possible with ARM DAP.
2. Non JTAG bootmode - Bootrom may need time to enable DAP.
Please try again.


Troubleshooting hints:
1. Check whether board is connected to system properly.
2. In case of zynq board, check whether Digilent/Xilinx cable switch settings are correct.
3. If you are using Xilinx Platform Cable USB, ensure that status LED is green.
19:34:38 DEBUG : Logs will be stored at '/home/rrr/Xproject/edt_zc702_workspace/IDE.log'.
19:34:39 INFO  : Launching XSCT server: xsct -n  -interactive /home/rrr/Xproject/edt_zc702_workspace/temp_xsdb_launch_script.tcl
19:34:40 INFO  : Platform repository initialization has completed.
19:34:41 INFO  : Registering command handlers for Vitis TCF services
19:34:43 INFO  : XSCT server has started successfully.
19:34:43 INFO  : Successfully done setting XSCT server connection channel  
19:34:44 INFO  : plnx-install-location is set to ''
19:34:44 INFO  : Successfully done setting workspace for the tool. 
19:34:44 INFO  : Successfully done query RDI_DATADIR 
19:35:14 INFO  : Connected to target on host '127.0.0.1' and port '3121'.
19:35:15 INFO  : Jtag cable 'Xilinx TUL 1234-tulA' is selected.
19:35:15 INFO  : 'jtag frequency' command is executed.
19:35:15 INFO  : Context for 'APU' is selected.
19:35:16 INFO  : System reset is completed.
19:35:19 INFO  : 'after 3000' command is executed.
19:35:19 INFO  : Context for 'APU' is selected.
19:35:19 INFO  : Hardware design and registers information is loaded from '/home/rrr/Xproject/edt_zc702_workspace/zc702_edt/export/zc702_edt/hw/system_wrapper.xsa'.
19:35:19 INFO  : 'configparams force-mem-access 1' command is executed.
19:35:19 INFO  : Context for 'APU' is selected.
19:35:19 INFO  : Sourcing of '/home/rrr/Xproject/edt_zc702_workspace/hello_world/_ide/psinit/ps7_init.tcl' is done.
19:35:20 INFO  : 'ps7_init' command is executed.
19:35:20 INFO  : 'ps7_post_config' command is executed.
19:35:20 INFO  : Context for processor 'ps7_cortexa9_0' is selected.
19:35:20 INFO  : The application '/home/rrr/Xproject/edt_zc702_workspace/hello_world/Debug/hello_world.elf' is downloaded to processor 'ps7_cortexa9_0'.
19:35:20 INFO  : 'configparams force-mem-access 0' command is executed.
19:35:20 INFO  : ----------------XSDB Script----------------
connect -url tcp:127.0.0.1:3121
targets -set -nocase -filter {name =~"APU*"}
rst -system
after 3000
targets -set -nocase -filter {name =~"APU*"}
loadhw -hw /home/rrr/Xproject/edt_zc702_workspace/zc702_edt/export/zc702_edt/hw/system_wrapper.xsa -mem-ranges [list {0x40000000 0xbfffffff}] -regs
configparams force-mem-access 1
targets -set -nocase -filter {name =~"APU*"}
source /home/rrr/Xproject/edt_zc702_workspace/hello_world/_ide/psinit/ps7_init.tcl
ps7_init
ps7_post_config
targets -set -nocase -filter {name =~ "*A9*#0"}
dow /home/rrr/Xproject/edt_zc702_workspace/hello_world/Debug/hello_world.elf
configparams force-mem-access 0
----------------End of Script----------------

19:35:20 INFO  : Context for processor 'ps7_cortexa9_0' is selected.
19:35:20 INFO  : 'con' command is executed.
19:35:20 INFO  : ----------------XSDB Script (After Launch)----------------
targets -set -nocase -filter {name =~ "*A9*#0"}
con
----------------End of Script----------------

19:35:20 INFO  : Launch script is exported to file '/home/rrr/Xproject/edt_zc702_workspace/hello_world_system/_ide/scripts/systemdebugger_hello_world_system_standalone.tcl'
19:35:50 INFO  : Disconnected from the channel tcfchan#1.
